0 info it worked if it ends with ok
1 verbose cli [ '/usr/bin/node', '/usr/bin/npm', 'run', 'dev_build' ]
2 info using npm@3.10.9
3 info using node@v6.9.2
4 verbose run-script [ 'predev_build', 'dev_build', 'postdev_build' ]
5 info lifecycle webgl_text@0.0.0~predev_build: webgl_text@0.0.0
6 silly lifecycle webgl_text@0.0.0~predev_build: no script for predev_build, continuing
7 info lifecycle webgl_text@0.0.0~dev_build: webgl_text@0.0.0
8 verbose lifecycle webgl_text@0.0.0~dev_build: unsafe-perm in lifecycle true
9 verbose lifecycle webgl_text@0.0.0~dev_build: PATH: /usr/lib/node_modules/npm/bin/node-gyp-bin:/home/mmorano/git/mikeandwan.us/src/client_apps/webgl_text/node_modules/.bin:/usr/lib64/qt-3.3/bin:/usr/local/bin:/usr/local/sbin:/usr/bin:/usr/sbin:/home/mmorano/.local/bin:/home/mmorano/bin:/home/mmorano/.local/bin:/home/mmorano/bin
10 verbose lifecycle webgl_text@0.0.0~dev_build: CWD: /home/mmorano/git/mikeandwan.us/src/client_apps/webgl_text
11 silly lifecycle webgl_text@0.0.0~dev_build: Args: [ '-c', 'webpack' ]
12 silly lifecycle webgl_text@0.0.0~dev_build: Returned: code: 2  signal: null
13 info lifecycle webgl_text@0.0.0~dev_build: Failed to exec dev_build script
14 verbose stack Error: webgl_text@0.0.0 dev_build: `webpack`
14 verbose stack Exit status 2
14 verbose stack     at EventEmitter.<anonymous> (/usr/lib/node_modules/npm/lib/utils/lifecycle.js:255:16)
14 verbose stack     at emitTwo (events.js:106:13)
14 verbose stack     at EventEmitter.emit (events.js:191:7)
14 verbose stack     at ChildProcess.<anonymous> (/usr/lib/node_modules/npm/lib/utils/spawn.js:40:14)
14 verbose stack     at emitTwo (events.js:106:13)
14 verbose stack     at ChildProcess.emit (events.js:191:7)
14 verbose stack     at maybeClose (internal/child_process.js:877:16)
14 verbose stack     at Process.ChildProcess._handle.onexit (internal/child_process.js:226:5)
15 verbose pkgid webgl_text@0.0.0
16 verbose cwd /home/mmorano/git/mikeandwan.us/src/client_apps/webgl_text
17 error Linux 4.8.10-200.fc24.x86_64
18 error argv "/usr/bin/node" "/usr/bin/npm" "run" "dev_build"
19 error node v6.9.2
20 error npm  v3.10.9
21 error code ELIFECYCLE
22 error webgl_text@0.0.0 dev_build: `webpack`
22 error Exit status 2
23 error Failed at the webgl_text@0.0.0 dev_build script 'webpack'.
23 error Make sure you have the latest version of node.js and npm installed.
23 error If you do, this is most likely a problem with the webgl_text package,
23 error not with npm itself.
23 error Tell the author that this fails on your system:
23 error     webpack
23 error You can get information on how to open an issue for this project with:
23 error     npm bugs webgl_text
23 error Or if that isn't available, you can get their info via:
23 error     npm owner ls webgl_text
23 error There is likely additional logging output above.
24 verbose exit [ 1, true ]
