0 info it worked if it ends with ok
1 verbose cli [ '/usr/bin/node', '/usr/bin/npm', 'run', 'dev_build' ]
2 info using npm@4.0.5
3 info using node@v7.4.0
4 verbose run-script [ 'predev_build', 'dev_build', 'postdev_build' ]
5 info lifecycle photos-three-d@0.0.1~predev_build: photos-three-d@0.0.1
6 silly lifecycle photos-three-d@0.0.1~predev_build: no script for predev_build, continuing
7 info lifecycle photos-three-d@0.0.1~dev_build: photos-three-d@0.0.1
8 verbose lifecycle photos-three-d@0.0.1~dev_build: unsafe-perm in lifecycle true
9 verbose lifecycle photos-three-d@0.0.1~dev_build: PATH: /usr/lib/node_modules/npm/bin/node-gyp-bin:/home/mmorano/git/mikeandwan.us/src/client_apps/photos3d/node_modules/.bin:/usr/lib64/qt-3.3/bin:/usr/local/bin:/usr/local/sbin:/usr/bin:/usr/sbin
10 verbose lifecycle photos-three-d@0.0.1~dev_build: CWD: /home/mmorano/git/mikeandwan.us/src/client_apps/photos3d
11 silly lifecycle photos-three-d@0.0.1~dev_build: Args: [ '-c', 'rm -rf dist && webpack' ]
12 silly lifecycle photos-three-d@0.0.1~dev_build: Returned: code: 2  signal: null
13 info lifecycle photos-three-d@0.0.1~dev_build: Failed to exec dev_build script
14 verbose stack Error: photos-three-d@0.0.1 dev_build: `rm -rf dist && webpack`
14 verbose stack Exit status 2
14 verbose stack     at EventEmitter.<anonymous> (/usr/lib/node_modules/npm/lib/utils/lifecycle.js:279:16)
14 verbose stack     at emitTwo (events.js:106:13)
14 verbose stack     at EventEmitter.emit (events.js:191:7)
14 verbose stack     at ChildProcess.<anonymous> (/usr/lib/node_modules/npm/lib/utils/spawn.js:40:14)
14 verbose stack     at emitTwo (events.js:106:13)
14 verbose stack     at ChildProcess.emit (events.js:191:7)
14 verbose stack     at maybeClose (internal/child_process.js:885:16)
14 verbose stack     at Process.ChildProcess._handle.onexit (internal/child_process.js:226:5)
15 verbose pkgid photos-three-d@0.0.1
16 verbose cwd /home/mmorano/git/mikeandwan.us/src/client_apps/photos3d
17 error Linux 4.9.3-200.fc25.x86_64
18 error argv "/usr/bin/node" "/usr/bin/npm" "run" "dev_build"
19 error node v7.4.0
20 error npm  v4.0.5
21 error code ELIFECYCLE
22 error photos-three-d@0.0.1 dev_build: `rm -rf dist && webpack`
22 error Exit status 2
23 error Failed at the photos-three-d@0.0.1 dev_build script 'rm -rf dist && webpack'.
23 error Make sure you have the latest version of node.js and npm installed.
23 error If you do, this is most likely a problem with the photos-three-d package,
23 error not with npm itself.
23 error Tell the author that this fails on your system:
23 error     rm -rf dist && webpack
23 error You can get information on how to open an issue for this project with:
23 error     npm bugs photos-three-d
23 error Or if that isn't available, you can get their info via:
23 error     npm owner ls photos-three-d
23 error There is likely additional logging output above.
24 verbose exit [ 1, true ]
